<?xml version="1.0" encoding="UTF-8"?>
<!-- Generated by org.testng.reporters.JUnitReportReporter -->
<testsuite skipped="0" hostname="LAPTOP-KGL5HQ6S" name="com.hrms.testcases.AddEmployeeTest" tests="3" failures="0" timestamp="2020-06-04T04:52:30 EDT" time="69.271" errors="0">
  <testcase name="addEmp" time="23.422" classname="com.hrms.testcases.AddEmployeeTest"/>
  <system-out/>
  <testcase name="addEmp" time="23.793" classname="com.hrms.testcases.AddEmployeeTest"/>
  <system-out/>
  <testcase name="addEmp" time="22.056" classname="com.hrms.testcases.AddEmployeeTest"/>
  <system-out/>
</testsuite> <!-- com.hrms.testcases.AddEmployeeTest -->
