<?xml version="1.0" encoding="UTF-8"?>
<!-- Generated by org.testng.reporters.JUnitReportReporter -->
<testsuite skipped="0" hostname="LAPTOP-KGL5HQ6S" name="com.hrms.testcases.LoginTest" tests="1" failures="0" timestamp="2020-06-13T00:44:23 EDT" time="13.328" errors="0">
  <testcase name="validAdminLogin" time="13.328" classname="com.hrms.testcases.LoginTest"/>
  <system-out/>
</testsuite> <!-- com.hrms.testcases.LoginTest -->
